<?xml version="1.0" encoding="utf-8"?><testsuites name="pytest tests"><testsuite name="pytest" errors="0" failures="2" skipped="0" tests="15" time="4.178" timestamp="2026-07-04T09:50:18.629676+00:00" hostname="agent-env-5737233c-e7b7-4f7b-9fec-4ef2e5de378d"><testcase classname="tests.test_tasklocal" name="test_root" time="0.256" /><testcase classname="tests.test_tasklocal" name="test_register_new_user" time="0.350" /><testcase classname="tests.test_tasklocal" name="test_login_demo" time="0.327" /><testcase classname="tests.test_tasklocal" name="test_auth_me" time="0.152" /><testcase classname="tests.test_tasklocal" name="test_categories" time="0.129" /><testcase classname="tests.test_tasklocal" name="test_providers_all_and_filter" time="0.197" /><testcase classname="tests.test_tasklocal" name="test_provider_detail" time="0.254" /><testcase classname="tests.test_tasklocal" name="test_create_booking" time="0.232" /><testcase classname="tests.test_tasklocal" name="test_list_bookings" time="0.095" /><testcase classname="tests.test_tasklocal" name="test_cancel_booking" time="0.225" /><testcase classname="tests.test_tasklocal" name="test_chat_ai" time="0.311"><failure message="AssertionError: {&quot;detail&quot;:&quot;AI error: Failed to start streaming completion: litellm.BadRequestError: OpenAIException - Budget has been exceeded! Current cost: 0.0, Max budget: 0.0&quot;}&#10;assert 500 == 200&#10; +  where 500 = &lt;Response [500]&gt;.status_code">tests/test_tasklocal.py:125: in test_chat_ai
    assert r.status_code == 200, r.text
E   AssertionError: {"detail":"AI error: Failed to start streaming completion: litellm.BadRequestError: OpenAIException - Budget has been exceeded! Current cost: 0.0, Max budget: 0.0"}
E   assert 500 == 200
E    +  where 500 = &lt;Response [500]&gt;.status_code</failure></testcase><testcase classname="tests.test_tasklocal" name="test_stripe_checkout" time="0.509"><failure message="AssertionError: {&quot;detail&quot;:&quot;Stripe error: Invalid API Key provided: sk_test_****gent&quot;}&#10;assert 400 == 200&#10; +  where 400 = &lt;Response [400]&gt;.status_code">tests/test_tasklocal.py:137: in test_stripe_checkout
    assert r.status_code == 200, r.text
E   AssertionError: {"detail":"Stripe error: Invalid API Key provided: sk_test_****gent"}
E   assert 400 == 200
E    +  where 400 = &lt;Response [400]&gt;.status_code</failure></testcase><testcase classname="tests.test_tasklocal" name="test_admin_stats" time="0.426" /><testcase classname="tests.test_tasklocal" name="test_admin_stats_forbidden_for_customer" time="0.099" /><testcase classname="tests.test_tasklocal" name="test_provider_apply_promotes_user" time="0.517" /></testsuite></testsuites>